<?xml version="1.0" encoding="UTF-8"?>
<testsuite xmlns:xsi="http://www.w3.org/2001/XMLSchema-instance" xsi:noNamespaceSchemaLocation="https://maven.apache.org/surefire/maven-surefire-plugin/xsd/surefire-test-report.xsd" name="com.example.Myfirst.MyFirstApplicationTests" time="6.038" tests="1" errors="0" skipped="0" failures="0">
  <properties>
    <property name="sun.desktop" value="windows"/>
    <property name="awt.toolkit" value="sun.awt.windows.WToolkit"/>
    <property name="java.specification.version" value="11"/>
    <property name="sun.cpu.isalist" value="amd64"/>
    <property name="sun.jnu.encoding" value="Cp1252"/>
    <property name="java.class.path" value="C:\Users\abhishek.sharma\eclipse-workspace\MyFirst\target\test-classes;C:\Users\abhishek.sharma\eclipse-workspace\MyFirst\target\classes;C:\Users\abhishek.sharma\.m2\repository\org\springframework\boot\spring-boot-starter\2.0.9.BUILD-SNAPSHOT\spring-boot-starter-2.0.9.BUILD-SNAPSHOT.jar;C:\Users\abhishek.sharma\.m2\repository\org\springframework\boot\spring-boot\2.0.9.BUILD-SNAPSHOT\spring-boot-2.0.9.BUILD-SNAPSHOT.jar;C:\Users\abhishek.sharma\.m2\repository\org\springframework\spring-context\5.0.12.RELEASE\spring-context-5.0.12.RELEASE.jar;C:\Users\abhishek.sharma\.m2\repository\org\springframework\boot\spring-boot-autoconfigure\2.0.9.BUILD-SNAPSHOT\spring-boot-autoconfigure-2.0.9.BUILD-SNAPSHOT.jar;C:\Users\abhishek.sharma\.m2\repository\org\springframework\boot\spring-boot-starter-logging\2.0.9.BUILD-SNAPSHOT\spring-boot-starter-logging-2.0.9.BUILD-SNAPSHOT.jar;C:\Users\abhishek.sharma\.m2\repository\ch\qos\logback\logback-classic\1.2.3\logback-classic-1.2.3.jar;C:\Users\abhishek.sharma\.m2\repository\ch\qos\logback\logback-core\1.2.3\logback-core-1.2.3.jar;C:\Users\abhishek.sharma\.m2\repository\org\apache\logging\log4j\log4j-to-slf4j\2.10.0\log4j-to-slf4j-2.10.0.jar;C:\Users\abhishek.sharma\.m2\repository\org\apache\logging\log4j\log4j-api\2.10.0\log4j-api-2.10.0.jar;C:\Users\abhishek.sharma\.m2\repository\org\slf4j\jul-to-slf4j\1.7.25\jul-to-slf4j-1.7.25.jar;C:\Users\abhishek.sharma\.m2\repository\javax\annotation\javax.annotation-api\1.3.2\javax.annotation-api-1.3.2.jar;C:\Users\abhishek.sharma\.m2\repository\org\springframework\spring-core\5.0.12.RELEASE\spring-core-5.0.12.RELEASE.jar;C:\Users\abhishek.sharma\.m2\repository\org\springframework\spring-jcl\5.0.12.RELEASE\spring-jcl-5.0.12.RELEASE.jar;C:\Users\abhishek.sharma\.m2\repository\org\yaml\snakeyaml\1.19\snakeyaml-1.19.jar;C:\Users\abhishek.sharma\.m2\repository\org\springframework\boot\spring-boot-starter-test\2.0.9.BUILD-SNAPSHOT\spring-boot-starter-test-2.0.9.BUILD-SNAPSHOT.jar;C:\Users\abhishek.sharma\.m2\repository\org\springframework\boot\spring-boot-test\2.0.9.BUILD-SNAPSHOT\spring-boot-test-2.0.9.BUILD-SNAPSHOT.jar;C:\Users\abhishek.sharma\.m2\repository\org\springframework\boot\spring-boot-test-autoconfigure\2.0.9.BUILD-SNAPSHOT\spring-boot-test-autoconfigure-2.0.9.BUILD-SNAPSHOT.jar;C:\Users\abhishek.sharma\.m2\repository\com\jayway\jsonpath\json-path\2.4.0\json-path-2.4.0.jar;C:\Users\abhishek.sharma\.m2\repository\net\minidev\json-smart\2.3\json-smart-2.3.jar;C:\Users\abhishek.sharma\.m2\repository\net\minidev\accessors-smart\1.2\accessors-smart-1.2.jar;C:\Users\abhishek.sharma\.m2\repository\org\ow2\asm\asm\5.0.4\asm-5.0.4.jar;C:\Users\abhishek.sharma\.m2\repository\org\slf4j\slf4j-api\1.7.25\slf4j-api-1.7.25.jar;C:\Users\abhishek.sharma\.m2\repository\junit\junit\4.12\junit-4.12.jar;C:\Users\abhishek.sharma\.m2\repository\org\assertj\assertj-core\3.9.1\assertj-core-3.9.1.jar;C:\Users\abhishek.sharma\.m2\repository\org\mockito\mockito-core\2.15.0\mockito-core-2.15.0.jar;C:\Users\abhishek.sharma\.m2\repository\net\bytebuddy\byte-buddy\1.7.11\byte-buddy-1.7.11.jar;C:\Users\abhishek.sharma\.m2\repository\net\bytebuddy\byte-buddy-agent\1.7.11\byte-buddy-agent-1.7.11.jar;C:\Users\abhishek.sharma\.m2\repository\org\objenesis\objenesis\2.6\objenesis-2.6.jar;C:\Users\abhishek.sharma\.m2\repository\org\hamcrest\hamcrest-core\1.3\hamcrest-core-1.3.jar;C:\Users\abhishek.sharma\.m2\repository\org\hamcrest\hamcrest-library\1.3\hamcrest-library-1.3.jar;C:\Users\abhishek.sharma\.m2\repository\org\skyscreamer\jsonassert\1.5.0\jsonassert-1.5.0.jar;C:\Users\abhishek.sharma\.m2\repository\com\vaadin\external\google\android-json\0.0.20131108.vaadin1\android-json-0.0.20131108.vaadin1.jar;C:\Users\abhishek.sharma\.m2\repository\org\springframework\spring-test\5.0.12.RELEASE\spring-test-5.0.12.RELEASE.jar;C:\Users\abhishek.sharma\.m2\repository\org\xmlunit\xmlunit-core\2.5.1\xmlunit-core-2.5.1.jar;C:\Users\abhishek.sharma\.m2\repository\org\springframework\spring-web\5.0.12.RELEASE\spring-web-5.0.12.RELEASE.jar;C:\Users\abhishek.sharma\.m2\repository\org\springframework\spring-beans\5.0.12.RELEASE\spring-beans-5.0.12.RELEASE.jar;C:\Users\abhishek.sharma\.m2\repository\org\springframework\boot\spring-boot-starter-web\2.0.9.BUILD-SNAPSHOT\spring-boot-starter-web-2.0.9.BUILD-SNAPSHOT.jar;C:\Users\abhishek.sharma\.m2\repository\org\springframework\boot\spring-boot-starter-json\2.0.9.BUILD-SNAPSHOT\spring-boot-starter-json-2.0.9.BUILD-SNAPSHOT.jar;C:\Users\abhishek.sharma\.m2\repository\com\fasterxml\jackson\core\jackson-databind\2.9.8\jackson-databind-2.9.8.jar;C:\Users\abhishek.sharma\.m2\repository\com\fasterxml\jackson\core\jackson-annotations\2.9.0\jackson-annotations-2.9.0.jar;C:\Users\abhishek.sharma\.m2\repository\com\fasterxml\jackson\core\jackson-core\2.9.8\jackson-core-2.9.8.jar;C:\Users\abhishek.sharma\.m2\repository\com\fasterxml\jackson\datatype\jackson-datatype-jdk8\2.9.8\jackson-datatype-jdk8-2.9.8.jar;C:\Users\abhishek.sharma\.m2\repository\com\fasterxml\jackson\datatype\jackson-datatype-jsr310\2.9.8\jackson-datatype-jsr310-2.9.8.jar;C:\Users\abhishek.sharma\.m2\repository\com\fasterxml\jackson\module\jackson-module-parameter-names\2.9.8\jackson-module-parameter-names-2.9.8.jar;C:\Users\abhishek.sharma\.m2\repository\org\springframework\boot\spring-boot-starter-tomcat\2.0.9.BUILD-SNAPSHOT\spring-boot-starter-tomcat-2.0.9.BUILD-SNAPSHOT.jar;C:\Users\abhishek.sharma\.m2\repository\org\apache\tomcat\embed\tomcat-embed-core\8.5.37\tomcat-embed-core-8.5.37.jar;C:\Users\abhishek.sharma\.m2\repository\org\apache\tomcat\embed\tomcat-embed-el\8.5.37\tomcat-embed-el-8.5.37.jar;C:\Users\abhishek.sharma\.m2\repository\org\apache\tomcat\embed\tomcat-embed-websocket\8.5.37\tomcat-embed-websocket-8.5.37.jar;C:\Users\abhishek.sharma\.m2\repository\org\hibernate\validator\hibernate-validator\6.0.14.Final\hibernate-validator-6.0.14.Final.jar;C:\Users\abhishek.sharma\.m2\repository\javax\validation\validation-api\2.0.1.Final\validation-api-2.0.1.Final.jar;C:\Users\abhishek.sharma\.m2\repository\org\jboss\logging\jboss-logging\3.3.2.Final\jboss-logging-3.3.2.Final.jar;C:\Users\abhishek.sharma\.m2\repository\com\fasterxml\classmate\1.3.4\classmate-1.3.4.jar;C:\Users\abhishek.sharma\.m2\repository\org\springframework\spring-webmvc\5.0.12.RELEASE\spring-webmvc-5.0.12.RELEASE.jar;C:\Users\abhishek.sharma\.m2\repository\org\springframework\spring-aop\5.0.12.RELEASE\spring-aop-5.0.12.RELEASE.jar;C:\Users\abhishek.sharma\.m2\repository\org\springframework\spring-expression\5.0.12.RELEASE\spring-expression-5.0.12.RELEASE.jar;"/>
    <property name="java.vm.vendor" value="Oracle Corporation"/>
    <property name="sun.arch.data.model" value="64"/>
    <property name="user.variant" value=""/>
    <property name="java.vendor.url" value="http://java.oracle.com/"/>
    <property name="user.timezone" value="Asia/Calcutta"/>
    <property name="java.vm.specification.version" value="11"/>
    <property name="os.name" value="Windows 10"/>
    <property name="sun.java.launcher" value="SUN_STANDARD"/>
    <property name="user.country" value="IN"/>
    <property name="sun.boot.library.path" value="C:\Program Files\Java\jdk-11.0.2\bin"/>
    <property name="sun.java.command" value="C:\Users\ABHISH~1.SHA\AppData\Local\Temp\surefire11148169516204722549\surefirebooter15266199994131370749.jar C:\Users\abhishek.sharma\AppData\Local\Temp\surefire11148169516204722549 2019-02-04T16-47-45_445-jvmRun1 surefire188615943011756940tmp surefire_07133459381529210453tmp"/>
    <property name="jdk.debug" value="release"/>
    <property name="surefire.test.class.path" value="C:\Users\abhishek.sharma\eclipse-workspace\MyFirst\target\test-classes;C:\Users\abhishek.sharma\eclipse-workspace\MyFirst\target\classes;C:\Users\abhishek.sharma\.m2\repository\org\springframework\boot\spring-boot-starter\2.0.9.BUILD-SNAPSHOT\spring-boot-starter-2.0.9.BUILD-SNAPSHOT.jar;C:\Users\abhishek.sharma\.m2\repository\org\springframework\boot\spring-boot\2.0.9.BUILD-SNAPSHOT\spring-boot-2.0.9.BUILD-SNAPSHOT.jar;C:\Users\abhishek.sharma\.m2\repository\org\springframework\spring-context\5.0.12.RELEASE\spring-context-5.0.12.RELEASE.jar;C:\Users\abhishek.sharma\.m2\repository\org\springframework\boot\spring-boot-autoconfigure\2.0.9.BUILD-SNAPSHOT\spring-boot-autoconfigure-2.0.9.BUILD-SNAPSHOT.jar;C:\Users\abhishek.sharma\.m2\repository\org\springframework\boot\spring-boot-starter-logging\2.0.9.BUILD-SNAPSHOT\spring-boot-starter-logging-2.0.9.BUILD-SNAPSHOT.jar;C:\Users\abhishek.sharma\.m2\repository\ch\qos\logback\logback-classic\1.2.3\logback-classic-1.2.3.jar;C:\Users\abhishek.sharma\.m2\repository\ch\qos\logback\logback-core\1.2.3\logback-core-1.2.3.jar;C:\Users\abhishek.sharma\.m2\repository\org\apache\logging\log4j\log4j-to-slf4j\2.10.0\log4j-to-slf4j-2.10.0.jar;C:\Users\abhishek.sharma\.m2\repository\org\apache\logging\log4j\log4j-api\2.10.0\log4j-api-2.10.0.jar;C:\Users\abhishek.sharma\.m2\repository\org\slf4j\jul-to-slf4j\1.7.25\jul-to-slf4j-1.7.25.jar;C:\Users\abhishek.sharma\.m2\repository\javax\annotation\javax.annotation-api\1.3.2\javax.annotation-api-1.3.2.jar;C:\Users\abhishek.sharma\.m2\repository\org\springframework\spring-core\5.0.12.RELEASE\spring-core-5.0.12.RELEASE.jar;C:\Users\abhishek.sharma\.m2\repository\org\springframework\spring-jcl\5.0.12.RELEASE\spring-jcl-5.0.12.RELEASE.jar;C:\Users\abhishek.sharma\.m2\repository\org\yaml\snakeyaml\1.19\snakeyaml-1.19.jar;C:\Users\abhishek.sharma\.m2\repository\org\springframework\boot\spring-boot-starter-test\2.0.9.BUILD-SNAPSHOT\spring-boot-starter-test-2.0.9.BUILD-SNAPSHOT.jar;C:\Users\abhishek.sharma\.m2\repository\org\springframework\boot\spring-boot-test\2.0.9.BUILD-SNAPSHOT\spring-boot-test-2.0.9.BUILD-SNAPSHOT.jar;C:\Users\abhishek.sharma\.m2\repository\org\springframework\boot\spring-boot-test-autoconfigure\2.0.9.BUILD-SNAPSHOT\spring-boot-test-autoconfigure-2.0.9.BUILD-SNAPSHOT.jar;C:\Users\abhishek.sharma\.m2\repository\com\jayway\jsonpath\json-path\2.4.0\json-path-2.4.0.jar;C:\Users\abhishek.sharma\.m2\repository\net\minidev\json-smart\2.3\json-smart-2.3.jar;C:\Users\abhishek.sharma\.m2\repository\net\minidev\accessors-smart\1.2\accessors-smart-1.2.jar;C:\Users\abhishek.sharma\.m2\repository\org\ow2\asm\asm\5.0.4\asm-5.0.4.jar;C:\Users\abhishek.sharma\.m2\repository\org\slf4j\slf4j-api\1.7.25\slf4j-api-1.7.25.jar;C:\Users\abhishek.sharma\.m2\repository\junit\junit\4.12\junit-4.12.jar;C:\Users\abhishek.sharma\.m2\repository\org\assertj\assertj-core\3.9.1\assertj-core-3.9.1.jar;C:\Users\abhishek.sharma\.m2\repository\org\mockito\mockito-core\2.15.0\mockito-core-2.15.0.jar;C:\Users\abhishek.sharma\.m2\repository\net\bytebuddy\byte-buddy\1.7.11\byte-buddy-1.7.11.jar;C:\Users\abhishek.sharma\.m2\repository\net\bytebuddy\byte-buddy-agent\1.7.11\byte-buddy-agent-1.7.11.jar;C:\Users\abhishek.sharma\.m2\repository\org\objenesis\objenesis\2.6\objenesis-2.6.jar;C:\Users\abhishek.sharma\.m2\repository\org\hamcrest\hamcrest-core\1.3\hamcrest-core-1.3.jar;C:\Users\abhishek.sharma\.m2\repository\org\hamcrest\hamcrest-library\1.3\hamcrest-library-1.3.jar;C:\Users\abhishek.sharma\.m2\repository\org\skyscreamer\jsonassert\1.5.0\jsonassert-1.5.0.jar;C:\Users\abhishek.sharma\.m2\repository\com\vaadin\external\google\android-json\0.0.20131108.vaadin1\android-json-0.0.20131108.vaadin1.jar;C:\Users\abhishek.sharma\.m2\repository\org\springframework\spring-test\5.0.12.RELEASE\spring-test-5.0.12.RELEASE.jar;C:\Users\abhishek.sharma\.m2\repository\org\xmlunit\xmlunit-core\2.5.1\xmlunit-core-2.5.1.jar;C:\Users\abhishek.sharma\.m2\repository\org\springframework\spring-web\5.0.12.RELEASE\spring-web-5.0.12.RELEASE.jar;C:\Users\abhishek.sharma\.m2\repository\org\springframework\spring-beans\5.0.12.RELEASE\spring-beans-5.0.12.RELEASE.jar;C:\Users\abhishek.sharma\.m2\repository\org\springframework\boot\spring-boot-starter-web\2.0.9.BUILD-SNAPSHOT\spring-boot-starter-web-2.0.9.BUILD-SNAPSHOT.jar;C:\Users\abhishek.sharma\.m2\repository\org\springframework\boot\spring-boot-starter-json\2.0.9.BUILD-SNAPSHOT\spring-boot-starter-json-2.0.9.BUILD-SNAPSHOT.jar;C:\Users\abhishek.sharma\.m2\repository\com\fasterxml\jackson\core\jackson-databind\2.9.8\jackson-databind-2.9.8.jar;C:\Users\abhishek.sharma\.m2\repository\com\fasterxml\jackson\core\jackson-annotations\2.9.0\jackson-annotations-2.9.0.jar;C:\Users\abhishek.sharma\.m2\repository\com\fasterxml\jackson\core\jackson-core\2.9.8\jackson-core-2.9.8.jar;C:\Users\abhishek.sharma\.m2\repository\com\fasterxml\jackson\datatype\jackson-datatype-jdk8\2.9.8\jackson-datatype-jdk8-2.9.8.jar;C:\Users\abhishek.sharma\.m2\repository\com\fasterxml\jackson\datatype\jackson-datatype-jsr310\2.9.8\jackson-datatype-jsr310-2.9.8.jar;C:\Users\abhishek.sharma\.m2\repository\com\fasterxml\jackson\module\jackson-module-parameter-names\2.9.8\jackson-module-parameter-names-2.9.8.jar;C:\Users\abhishek.sharma\.m2\repository\org\springframework\boot\spring-boot-starter-tomcat\2.0.9.BUILD-SNAPSHOT\spring-boot-starter-tomcat-2.0.9.BUILD-SNAPSHOT.jar;C:\Users\abhishek.sharma\.m2\repository\org\apache\tomcat\embed\tomcat-embed-core\8.5.37\tomcat-embed-core-8.5.37.jar;C:\Users\abhishek.sharma\.m2\repository\org\apache\tomcat\embed\tomcat-embed-el\8.5.37\tomcat-embed-el-8.5.37.jar;C:\Users\abhishek.sharma\.m2\repository\org\apache\tomcat\embed\tomcat-embed-websocket\8.5.37\tomcat-embed-websocket-8.5.37.jar;C:\Users\abhishek.sharma\.m2\repository\org\hibernate\validator\hibernate-validator\6.0.14.Final\hibernate-validator-6.0.14.Final.jar;C:\Users\abhishek.sharma\.m2\repository\javax\validation\validation-api\2.0.1.Final\validation-api-2.0.1.Final.jar;C:\Users\abhishek.sharma\.m2\repository\org\jboss\logging\jboss-logging\3.3.2.Final\jboss-logging-3.3.2.Final.jar;C:\Users\abhishek.sharma\.m2\repository\com\fasterxml\classmate\1.3.4\classmate-1.3.4.jar;C:\Users\abhishek.sharma\.m2\repository\org\springframework\spring-webmvc\5.0.12.RELEASE\spring-webmvc-5.0.12.RELEASE.jar;C:\Users\abhishek.sharma\.m2\repository\org\springframework\spring-aop\5.0.12.RELEASE\spring-aop-5.0.12.RELEASE.jar;C:\Users\abhishek.sharma\.m2\repository\org\springframework\spring-expression\5.0.12.RELEASE\spring-expression-5.0.12.RELEASE.jar;"/>
    <property name="sun.cpu.endian" value="little"/>
    <property name="user.home" value="C:\Users\abhishek.sharma"/>
    <property name="user.language" value="en"/>
    <property name="java.specification.vendor" value="Oracle Corporation"/>
    <property name="java.version.date" value="2019-01-15"/>
    <property name="java.home" value="C:\Program Files\Java\jdk-11.0.2"/>
    <property name="file.separator" value="\"/>
    <property name="basedir" value="C:\Users\abhishek.sharma\eclipse-workspace\MyFirst"/>
    <property name="java.vm.compressedOopsMode" value="Zero based"/>
    <property name="line.separator" value="&#10;"/>
    <property name="java.specification.name" value="Java Platform API Specification"/>
    <property name="java.vm.specification.vendor" value="Oracle Corporation"/>
    <property name="java.awt.graphicsenv" value="sun.awt.Win32GraphicsEnvironment"/>
    <property name="surefire.real.class.path" value="C:\Users\ABHISH~1.SHA\AppData\Local\Temp\surefire11148169516204722549\surefirebooter15266199994131370749.jar"/>
    <property name="user.script" value=""/>
    <property name="sun.management.compiler" value="HotSpot 64-Bit Tiered Compilers"/>
    <property name="java.runtime.version" value="11.0.2+9-LTS"/>
    <property name="user.name" value="abhishek.sharma"/>
    <property name="path.separator" value=";"/>
    <property name="os.version" value="10.0"/>
    <property name="java.runtime.name" value="Java(TM) SE Runtime Environment"/>
    <property name="file.encoding" value="Cp1252"/>
    <property name="java.vm.name" value="Java HotSpot(TM) 64-Bit Server VM"/>
    <property name="java.vendor.version" value="18.9"/>
    <property name="localRepository" value="C:\Users\abhishek.sharma\.m2\repository"/>
    <property name="java.vendor.url.bug" value="http://bugreport.java.com/bugreport/"/>
    <property name="java.io.tmpdir" value="C:\Users\ABHISH~1.SHA\AppData\Local\Temp\"/>
    <property name="java.version" value="11.0.2"/>
    <property name="user.dir" value="C:\Users\abhishek.sharma\eclipse-workspace\MyFirst"/>
    <property name="os.arch" value="amd64"/>
    <property name="java.vm.specification.name" value="Java Virtual Machine Specification"/>
    <property name="java.awt.printerjob" value="sun.awt.windows.WPrinterJob"/>
    <property name="sun.os.patch.level" value=""/>
    <property name="java.library.path" value="C:\Program Files\Java\jdk-11.0.2\bin;C:\Windows\Sun\Java\bin;C:\Windows\system32;C:\Windows;C:\Program Files\Microsoft MPI\Bin\;C:\Windows\system32;C:\Windows;C:\Windows\System32\Wbem;C:\Windows\System32\WindowsPowerShell\v1.0\;C:\Windows\System32\OpenSSH\;C:\Windows\system32\config\systemprofile\.dnx\bin;C:\Program Files\Microsoft DNX\Dnvm\;C:\Program Files\Microsoft SQL Server\120\Tools\Binn\;C:\Program Files\Microsoft SQL Server\130\Tools\Binn\;C:\Program Files (x86)\Microsoft SQL Server\140\Tools\Binn\;C:\Program Files\Microsoft SQL Server\140\Tools\Binn\;C:\Program Files (x86)\Microsoft SQL Server\140\DTS\Binn\;C:\Program Files\Microsoft SQL Server\140\DTS\Binn\;C:\Program Files\Microsoft SQL Server\Client SDK\ODBC\130\Tools\Binn\;C:\Program Files (x86)\Microsoft SQL Server\Client SDK\ODBC\130\Tools\Binn\;C:\Program Files (x86)\Microsoft SQL Server\140\Tools\Binn\ManagementStudio\;C:\Program Files (x86)\Brackets\command;C:\Program Files\Git\cmd;C:\Program Files\nodejs\;C:\Program Files\Java\jdk-11.0.2\bin;C:\Users\abhishek.sharma\AppData\Local\Programs\Python\Python37\Scripts\;C:\Users\abhishek.sharma\AppData\Local\Programs\Python\Python37\;C:\Users\abhishek.sharma\AppData\Local\Microsoft\WindowsApps;C:\Users\abhishek.sharma\AppData\Roaming\npm;C:\Program Files\heroku\bin;."/>
    <property name="java.vendor" value="Oracle Corporation"/>
    <property name="java.vm.info" value="mixed mode"/>
    <property name="java.vm.version" value="11.0.2+9-LTS"/>
    <property name="java.rmi.server.randomIDs" value="true"/>
    <property name="sun.io.unicode.encoding" value="UnicodeLittle"/>
    <property name="java.class.version" value="55.0"/>
  </properties>
  <testcase name="contextLoads" classname="com.example.Myfirst.MyFirstApplicationTests" time="0.001"/>
</testsuite>